<?xml version="1.0" encoding="UTF-8"?>
<!-- Generated by org.testng.reporters.JUnitReportReporter -->
<testsuite skipped="0" hostname="DESKTOP-PLQ0LQG" name="com.orangehrm.qa.testcases.LoginTest" tests="3" failures="0" timestamp="21 Apr 2022 05:32:40 GMT" time="2.655" errors="0">
  <testcase name="LoginPageLogoTest" time="0.407" classname="com.orangehrm.qa.testcases.LoginTest"/>
  <testcase name="LoginPageTitleTest" time="0.032" classname="com.orangehrm.qa.testcases.LoginTest"/>
  <testcase name="LoginPageTest" time="2.216" classname="com.orangehrm.qa.testcases.LoginTest"/>
</testsuite> <!-- com.orangehrm.qa.testcases.LoginTest -->
